<?xml version="1.0" encoding="UTF-8"?>
<!-- Generated by org.testng.reporters.JUnitReportReporter -->
<testsuite skipped="0" hostname="LAPTOP-NSGFDTKU" name="TestNgpkg.TestNgC4" tests="1" failures="0" timestamp="2022-01-18T08:14:57 IST" time="0.010" errors="0">
  <testcase name="f" time="0.010" classname="TestNgpkg.TestNgC4"/>
  <system-out/>
</testsuite> <!-- TestNgpkg.TestNgC4 -->
