<?xml version="1.0" encoding="UTF-8"?>
<!-- Generated by org.testng.reporters.JUnitReportReporter -->
<testsuite skipped="0" hostname="LAPTOP-NSGFDTKU" name="TestNgpkg.amazonIndia" tests="3" failures="0" timestamp="2022-01-18T20:34:48 IST" time="32.826" errors="0">
  <testcase name="AmazonSearch" time="9.989" classname="TestNgpkg.amazonIndia"/>
  <system-out/>
  <testcase name="AmazonSearch" time="15.390" classname="TestNgpkg.amazonIndia"/>
  <system-out/>
  <testcase name="AmazonSearch" time="7.447" classname="TestNgpkg.amazonIndia"/>
  <system-out/>
</testsuite> <!-- TestNgpkg.amazonIndia -->
