<?xml version="1.0" encoding="UTF-8"?>
<!-- Generated by org.testng.reporters.JUnitReportReporter -->
<testsuite skipped="0" hostname="LAPTOP-NSGFDTKU" name="TestNgPkg2.TestNgCls2" tests="1" failures="0" timestamp="2022-01-18T18:53:57 IST" time="12.909" errors="0">
  <testcase name="f1" time="12.909" classname="TestNgPkg2.TestNgCls2"/>
  <system-out/>
</testsuite> <!-- TestNgPkg2.TestNgCls2 -->
