<?xml version="1.0" encoding="UTF-8"?>
<!-- Generated by org.testng.reporters.JUnitReportReporter -->
<testsuite skipped="0" hostname="LAPTOP-NSGFDTKU" name="TestNgpkg.TestNgC3" tests="3" failures="0" timestamp="2022-01-18T20:26:52 IST" time="31.940" errors="0">
  <testcase name="AmazonSearch" time="11.357" classname="TestNgpkg.TestNgC3"/>
  <system-out/>
  <testcase name="AmazonSearch" time="9.219" classname="TestNgpkg.TestNgC3"/>
  <system-out/>
  <testcase name="AmazonSearch" time="11.364" classname="TestNgpkg.TestNgC3"/>
  <system-out/>
</testsuite> <!-- TestNgpkg.TestNgC3 -->
