<?xml version="1.0" encoding="UTF-8"?>
<!-- Generated by org.testng.reporters.JUnitReportReporter -->
<testsuite skipped="0" hostname="LAPTOP-NSGFDTKU" name="TestNgpkg.TestNGC1" tests="2" failures="0" timestamp="2022-01-17T21:37:50 IST" time="0.008" errors="0">
  <testcase name="testMethod2" time="0.002" classname="TestNgpkg.TestNGC1"/>
  <system-out/>
  <testcase name="testMethod1" time="0.006" classname="TestNgpkg.TestNGC1"/>
  <system-out/>
</testsuite> <!-- TestNgpkg.TestNGC1 -->
