<?xml version="1.0" encoding="UTF-8"?>
<!-- Generated by org.testng.reporters.JUnitReportReporter -->
<testsuite skipped="0" hostname="LAPTOP-NSGFDTKU" name="TestNgpkg.TestNgC2" tests="1" failures="0" timestamp="2022-01-18T15:25:05 IST" time="0.004" errors="0">
  <testcase name="TestMethod" time="0.004" classname="TestNgpkg.TestNgC2"/>
  <system-out/>
</testsuite> <!-- TestNgpkg.TestNgC2 -->
