<?xml version="1.0" encoding="UTF-8"?>
<!-- Generated by org.testng.reporters.JUnitReportReporter -->
<testsuite skipped="0" hostname="LAPTOP-NSGFDTKU" name="TestNgpkg.amazon" tests="3" failures="0" timestamp="2022-01-21T18:45:40 IST" time="19.185" errors="0">
  <testcase name="AmazonSearch" time="6.034" classname="TestNgpkg.amazon"/>
  <system-out/>
  <testcase name="AmazonSearch" time="6.246" classname="TestNgpkg.amazon"/>
  <system-out/>
  <testcase name="AmazonSearch" time="6.905" classname="TestNgpkg.amazon"/>
  <system-out/>
</testsuite> <!-- TestNgpkg.amazon -->
